[20240313 14:34:27:301][INFO ][com.example.demo.DemoApplication] Starting DemoApplication using Java 21.0.2 with PID 11156 (C:\work\javascript-java\target\classes started by SBS in C:\work\javascript-java)
[20240313 14:34:27:302][INFO ][com.example.demo.DemoApplication] No active profile set, falling back to 1 default profile: "default"
[20240313 14:34:27:327][INFO ][o.s.b.d.e.DevToolsPropertyDefaultsPostProcessor] Devtools property defaults active! Set 'spring.devtools.add-properties' to 'false' to disable
[20240313 14:34:27:327][INFO ][o.s.b.d.e.DevToolsPropertyDefaultsPostProcessor] For additional web related logging consider setting the 'logging.level.web' property to 'DEBUG'
[20240313 14:34:27:824][INFO ][o.s.b.w.embedded.tomcat.TomcatWebServer] Tomcat initialized with port 4242 (http)
[20240313 14:34:27:829][INFO ][o.apache.coyote.http11.Http11NioProtocol] Initializing ProtocolHandler ["http-nio-4242"]
[20240313 14:34:27:830][INFO ][o.apache.catalina.core.StandardService] Starting service [Tomcat]
[20240313 14:34:27:830][INFO ][org.apache.catalina.core.StandardEngine] Starting Servlet engine: [Apache Tomcat/10.1.16]
[20240313 14:34:27:852][INFO ][o.a.c.c.C.[Tomcat].[localhost].[/]] Initializing Spring embedded WebApplicationContext
[20240313 14:34:27:853][INFO ][o.s.b.w.s.c.ServletWebServerApplicationContext] Root WebApplicationContext: initialization completed in 525 ms
[20240313 14:34:28:050][WARN ][o.s.b.d.a.OptionalLiveReloadServer] Unable to start LiveReload server
[20240313 14:34:28:059][INFO ][o.apache.coyote.http11.Http11NioProtocol] Starting ProtocolHandler ["http-nio-4242"]
[20240313 14:34:28:070][INFO ][o.s.b.w.embedded.tomcat.TomcatWebServer] Tomcat started on port 4242 (http) with context path ''
[20240313 14:34:28:075][INFO ][com.example.demo.DemoApplication] Started DemoApplication in 1.057 seconds (process running for 1.501)
[20240313 14:34:46:278][INFO ][o.a.c.c.C.[Tomcat].[localhost].[/]] Initializing Spring DispatcherServlet 'dispatcherServlet'
[20240313 14:34:46:278][INFO ][o.s.web.servlet.DispatcherServlet] Initializing Servlet 'dispatcherServlet'
[20240313 14:34:46:279][INFO ][o.s.web.servlet.DispatcherServlet] Completed initialization in 1 ms
[20240313 14:42:33:009][INFO ][com.example.demo.DemoApplication] Starting DemoApplication using Java 21.0.2 with PID 196 (C:\work\javascript-java\target\classes started by SBS in C:\work\javascript-java)
[20240313 14:42:33:010][INFO ][com.example.demo.DemoApplication] No active profile set, falling back to 1 default profile: "default"
[20240313 14:42:33:035][INFO ][o.s.b.d.e.DevToolsPropertyDefaultsPostProcessor] Devtools property defaults active! Set 'spring.devtools.add-properties' to 'false' to disable
[20240313 14:42:33:035][INFO ][o.s.b.d.e.DevToolsPropertyDefaultsPostProcessor] For additional web related logging consider setting the 'logging.level.web' property to 'DEBUG'
[20240313 14:42:33:521][INFO ][o.s.b.w.embedded.tomcat.TomcatWebServer] Tomcat initialized with port 4242 (http)
[20240313 14:42:33:525][INFO ][o.apache.coyote.http11.Http11NioProtocol] Initializing ProtocolHandler ["http-nio-4242"]
[20240313 14:42:33:526][INFO ][o.apache.catalina.core.StandardService] Starting service [Tomcat]
[20240313 14:42:33:526][INFO ][org.apache.catalina.core.StandardEngine] Starting Servlet engine: [Apache Tomcat/10.1.16]
[20240313 14:42:33:549][INFO ][o.a.c.c.C.[Tomcat].[localhost].[/]] Initializing Spring embedded WebApplicationContext
[20240313 14:42:33:549][INFO ][o.s.b.w.s.c.ServletWebServerApplicationContext] Root WebApplicationContext: initialization completed in 514 ms
[20240313 14:42:33:747][WARN ][o.s.b.d.a.OptionalLiveReloadServer] Unable to start LiveReload server
[20240313 14:42:33:756][INFO ][o.apache.coyote.http11.Http11NioProtocol] Starting ProtocolHandler ["http-nio-4242"]
[20240313 14:42:33:768][INFO ][o.s.b.w.embedded.tomcat.TomcatWebServer] Tomcat started on port 4242 (http) with context path ''
[20240313 14:42:33:772][INFO ][com.example.demo.DemoApplication] Started DemoApplication in 1.052 seconds (process running for 1.41)
[20240313 14:42:41:587][INFO ][o.a.c.c.C.[Tomcat].[localhost].[/]] Initializing Spring DispatcherServlet 'dispatcherServlet'
[20240313 14:42:41:587][INFO ][o.s.web.servlet.DispatcherServlet] Initializing Servlet 'dispatcherServlet'
[20240313 14:42:41:588][INFO ][o.s.web.servlet.DispatcherServlet] Completed initialization in 1 ms
